--- wiggum run 2026-05-08 09:52:03 ---
[2026-05-08 09:52:03] command: wiggum execute docs/dropped-tasks-stall_issue_plan.md
[2026-05-08 09:52:03] phase: 1 - diagnostic & status sync
[2026-05-08 09:52:03] phase1-diagnostic: session 80fa91b6-8129-4dcc-9d0a-c28566bde7be
[2026-05-08 09:53:11] phase1-diagnostic: done
[2026-05-08 09:53:11] phase1-commit: session 429a3856-46a2-408d-8ddd-505fd2d5e29a
[2026-05-08 09:53:37] phase1-commit: done
[2026-05-08 09:53:37] phase: 2 - implementation step 1 of 10 (60 remaining)
[2026-05-08 09:53:37] phase2-implement-1: session 062d1e13-f42e-49a5-b145-cc887d72628b (resumed from 429a3856-46a2-408d-8ddd-505fd2d5e29a)
[2026-05-08 10:02:00] phase2-implement-1: done
[2026-05-08 10:03:12] phase2-commit-1: session 1fe57fc4-cb96-4302-bf88-dc9d98092811
[2026-05-08 10:04:17] phase2-commit-1: done
[2026-05-08 10:04:17] phase: 2 - implementation step 2 of 10 (42 remaining)
[2026-05-08 10:04:17] phase2-implement-2: session ff293e21-2862-40aa-94c5-7ff16faf8bbc (resumed from 1fe57fc4-cb96-4302-bf88-dc9d98092811)
[2026-05-08 10:11:18] phase2-implement-2: done
[2026-05-08 10:13:15] phase2-commit-2: session a4c5aee3-33ec-49a9-a473-589aa8ea17d9
[2026-05-08 10:14:02] phase2-commit-2: done
[2026-05-08 10:14:02] phase: 2 - implementation step 3 of 10 (34 remaining)
[2026-05-08 10:14:02] phase2-implement-3: session 15f14174-73ac-4dfd-b224-e47dda551d9b (resumed from a4c5aee3-33ec-49a9-a473-589aa8ea17d9)
[2026-05-08 10:18:29] phase2-implement-3: done
[2026-05-08 10:21:22] phase2-commit-3: session 150bdf5d-10f7-473a-8263-2c97b90b19e0
[2026-05-08 10:22:12] phase2-commit-3: done
[2026-05-08 10:22:12] phase: 2 - implementation step 4 of 10 (29 remaining)
[2026-05-08 10:22:12] phase2-implement-4: session 721ea01d-9471-45ab-b05a-35521b7b19e7 (resumed from 150bdf5d-10f7-473a-8263-2c97b90b19e0)
[2026-05-08 10:31:22] phase2-implement-4: done
[2026-05-08 10:33:03] phase2-commit-4: session da5c8f2e-6eea-4467-b6ba-0816cbe1dfb6
